C:\Repos\Listen-Attend-Spell-v2 (master -> origin)
λ python demo.py
data/data_aishell\wav\test\S0766\BAC009S0766W0482.wav
李晨马震就是玩笑任何情况都力挺范冰冰<EOS>
nbest_hyps: 二零一五年十月二十七日晚<EOS>
data/data_aishell\wav\test\S0766\BAC009S0766W0492.wav
李玉刚饰演的杨贵妃被指芳华绝代说到神曲<EOS>
nbest_hyps: 二零一五年十月二十七日晚<EOS>
data/data_aishell\wav\test\S0768\BAC009S0768W0193.wav
由于影响成本的因素过多<EOS>
nbest_hyps: 二零一五年十月二十七日晚<EOS>
data/data_aishell\wav\test\S0912\BAC009S0912W0152.wav
取消一万户家庭的保障资格<EOS>
nbest_hyps: 二零一五年十月二十七日晚<EOS>
data/data_aishell\wav\test\S0907\BAC009S0907W0397.wav
比成这样我其实已经很开心了<EOS>
nbest_hyps: 二零一五年十月二十七日晚<EOS>
data/data_aishell\wav\test\S0904\BAC009S0904W0271.wav
手机网民近五点六亿<EOS>
nbest_hyps: 二零一五年十月二十七日晚<EOS>
data/data_aishell\wav\test\S0916\BAC009S0916W0271.wav
而是实实在在的金融命脉<EOS>
nbest_hyps: 二零一五年十月二十七日晚<EOS>
data/data_aishell\wav\test\S0908\BAC009S0908W0175.wav
进而对稳定中国经济有正面作用<EOS>
nbest_hyps: 二零一五年十月二十七日晚<EOS>
data/data_aishell\wav\test\S0908\BAC009S0908W0273.wav
跨设备使用的通用应用<EOS>
nbest_hyps: 二零一五年十月二十七日晚<EOS>
data/data_aishell\wav\test\S0907\BAC009S0907W0280.wav
零售商最终都会向消费者妥协<EOS>
nbest_hyps: 二零一五年十月二十七日晚<EOS>
